<?xml version="1.0" encoding="UTF-8"?>
<testsuite name="org.example.ShoppingBasketServiceShould" tests="1" skipped="0" failures="0" errors="0" timestamp="2022-06-01T16:11:53" hostname="REALMSPC" time="0.146">
  <properties/>
  <testcase name="Add product to existing user's basket" classname="org.example.ShoppingBasketServiceShould" time="0.146"/>
  <system-out><![CDATA[]]></system-out>
  <system-err><![CDATA[]]></system-err>
</testsuite>
